<?xml version="1.0" encoding="utf-8"?><testsuites><testsuite name="pytest" errors="0" failures="0" skipped="0" tests="3" time="0.346" timestamp="2024-06-06T14:36:48.132778" hostname="e1ffdcb5364a"><testcase classname="tests.test_prediction" name="test_single_pred_not_none" time="0.009" /><testcase classname="tests.test_prediction" name="test_single_pred_str_type" time="0.008" /><testcase classname="tests.test_prediction" name="test_single_pred_validate" time="0.008" /></testsuite></testsuites>